<?xml version="1.0" encoding="UTF-8"?>
<testng-results ignored="0" total="1" passed="1" failed="0" skipped="0">
  <reporter-output>
  </reporter-output>
  <suite started-at="2021-11-05T16:32:09 IST" name="Suite" finished-at="2021-11-05T16:35:34 IST" duration-ms="204578">
    <groups>
      <group name="cucumber">
        <method signature="AbstractTestNGCucumberTests.runScenario(io.cucumber.testng.PickleWrapper, io.cucumber.testng.FeatureWrapper)[pri:0, instance:com.mindtree.Runner.BookRunner@157853da]" name="runScenario" class="io.cucumber.testng.AbstractTestNGCucumberTests"/>
      </group> <!-- cucumber -->
    </groups>
    <test started-at="2021-11-05T16:32:09 IST" name="Test" finished-at="2021-11-05T16:35:34 IST" duration-ms="204578">
      <class name="com.mindtree.Runner.BookRunner">
        <test-method is-config="true" signature="setUpClass(org.testng.ITestContext)[pri:0, instance:com.mindtree.Runner.BookRunner@157853da]" started-at="2021-11-05T16:32:09 IST" name="setUpClass" finished-at="2021-11-05T16:32:09 IST" duration-ms="284" status="PASS">
          <params>
            <param index="0">
              <value>
                <![CDATA[org.testng.TestRunner@69d3cf7e]]>
              </value>
            </param>
          </params>
          <reporter-output>
          </reporter-output>
        </test-method> <!-- setUpClass -->
        <test-method signature="runScenario(io.cucumber.testng.PickleWrapper, io.cucumber.testng.FeatureWrapper)[pri:0, instance:com.mindtree.Runner.BookRunner@157853da]" started-at="2021-11-05T16:32:09 IST" name="runScenario" description="Runs Cucumber Scenarios" data-provider="scenarios" finished-at="2021-11-05T16:35:34 IST" duration-ms="204271" status="PASS">
          <params>
            <param index="0">
              <value>
                <![CDATA["Order Book And covers"]]>
              </value>
            </param>
            <param index="1">
              <value>
                <![CDATA["Optional[Bookstore Automate]"]]>
              </value>
            </param>
          </params>
          <reporter-output>
          </reporter-output>
        </test-method> <!-- runScenario -->
        <test-method is-config="true" signature="tearDownClass()[pri:0, instance:com.mindtree.Runner.BookRunner@157853da]" started-at="2021-11-05T16:35:34 IST" name="tearDownClass" finished-at="2021-11-05T16:35:34 IST" duration-ms="1" status="PASS">
          <reporter-output>
          </reporter-output>
        </test-method> <!-- tearDownClass -->
      </class> <!-- com.mindtree.Runner.BookRunner -->
    </test> <!-- Test -->
  </suite> <!-- Suite -->
</testng-results>
