<?xml version="1.0" encoding="UTF-8"?>
<testng-results ignored="0" total="1" passed="1" failed="0" skipped="0">
  <reporter-output>
  </reporter-output>
  <suite started-at="2021-11-06T11:05:52 IST" name="Suite" finished-at="2021-11-06T11:09:01 IST" duration-ms="188889">
    <groups>
      <group name="cucumber">
        <method signature="AbstractTestNGCucumberTests.runScenario(io.cucumber.testng.PickleWrapper, io.cucumber.testng.FeatureWrapper)[pri:0, instance:com.mindtree.Runner.BookRunner@65b3f4a4]" name="runScenario" class="io.cucumber.testng.AbstractTestNGCucumberTests"/>
      </group> <!-- cucumber -->
    </groups>
    <test started-at="2021-11-06T11:05:52 IST" name="Test" finished-at="2021-11-06T11:09:01 IST" duration-ms="188889">
      <class name="com.mindtree.Runner.BookRunner">
        <test-method is-config="true" signature="setUpClass(org.testng.ITestContext)[pri:0, instance:com.mindtree.Runner.BookRunner@65b3f4a4]" started-at="2021-11-06T11:05:52 IST" name="setUpClass" finished-at="2021-11-06T11:05:52 IST" duration-ms="351" status="PASS">
          <params>
            <param index="0">
              <value>
                <![CDATA[org.testng.TestRunner@d70f722]]>
              </value>
            </param>
          </params>
          <reporter-output>
          </reporter-output>
        </test-method> <!-- setUpClass -->
        <test-method signature="runScenario(io.cucumber.testng.PickleWrapper, io.cucumber.testng.FeatureWrapper)[pri:0, instance:com.mindtree.Runner.BookRunner@65b3f4a4]" started-at="2021-11-06T11:05:52 IST" name="runScenario" description="Runs Cucumber Scenarios" data-provider="scenarios" finished-at="2021-11-06T11:09:01 IST" duration-ms="188492" status="PASS">
          <params>
            <param index="0">
              <value>
                <![CDATA["Order Book And covers"]]>
              </value>
            </param>
            <param index="1">
              <value>
                <![CDATA["Optional[Bookstore Automate]"]]>
              </value>
            </param>
          </params>
          <reporter-output>
          </reporter-output>
        </test-method> <!-- runScenario -->
        <test-method is-config="true" signature="tearDownClass()[pri:0, instance:com.mindtree.Runner.BookRunner@65b3f4a4]" started-at="2021-11-06T11:09:01 IST" name="tearDownClass" finished-at="2021-11-06T11:09:01 IST" duration-ms="6" status="PASS">
          <reporter-output>
          </reporter-output>
        </test-method> <!-- tearDownClass -->
      </class> <!-- com.mindtree.Runner.BookRunner -->
    </test> <!-- Test -->
  </suite> <!-- Suite -->
</testng-results>
