<?xml version="1.0" encoding="UTF-8"?>
<testsuite xmlns:xsi="http://www.w3.org/2001/XMLSchema-instance" xsi:noNamespaceSchemaLocation="https://maven.apache.org/surefire/maven-surefire-plugin/xsd/surefire-test-report-3.0.xsd" version="3.0" name="TestSuite" time="191.305" tests="1" errors="0" skipped="0" failures="0">
  <properties>
[...]
</properties>
  <testcase name="runScenario[&quot;Order Book And covers&quot;, &quot;Optional[Bookstore Automate]&quot;](1)" classname="com.mindtree.Runner.BookRunner" time="188.638">
    <system-out><![CDATA[{width=1024.0, height=1366.0}
11-06-2021 11:06:13 ExtentLogUtilities.java DEBUG [main] StepDefination.StepDefination 14 - URL Opened
11-06-2021 11:06:16 _Log4jLoggerFactory.java DEBUG [main] freemarker.cache 45 - Couldn't find template in cache for "Extent.ftl"("en_IN", UTF-8, parsed); will try to load it.
11-06-2021 11:06:16 _Log4jLoggerFactory.java DEBUG [main] freemarker.cache 45 - TemplateLoader.findTemplateSource("Extent_en_IN.ftl"): Not found
11-06-2021 11:06:16 _Log4jLoggerFactory.java DEBUG [main] freemarker.cache 45 - TemplateLoader.findTemplateSource("Extent_en.ftl"): Not found
11-06-2021 11:06:16 _Log4jLoggerFactory.java DEBUG [main] freemarker.cache 45 - TemplateLoader.findTemplateSource("Extent.ftl"): Found
11-06-2021 11:06:16 _Log4jLoggerFactory.java DEBUG [main] freemarker.cache 45 - Loading template for "Extent.ftl"("en_IN", UTF-8, parsed) from "jar:file:/C:/Users/ASUS/.m2/repository/com/relevantcodes/extentreports/2.41.2/extentreports-2.41.2.jar!/com/relevantcodes/extentreports/view/Extent.ftl"
11-06-2021 11:06:17 ExtentLogUtilities.java DEBUG [main] StepDefination.StepDefination 14 - Page opend with title India's Best Online Store | Free Shipping | eLocalshop
11-06-2021 11:06:19 _Log4jLoggerFactory.java DEBUG [main] freemarker.cache 45 - Couldn't find template in cache for "Extent.ftl"("en_IN", UTF-8, parsed); will try to load it.
11-06-2021 11:06:19 _Log4jLoggerFactory.java DEBUG [main] freemarker.cache 45 - TemplateLoader.findTemplateSource("Extent_en_IN.ftl"): Not found
11-06-2021 11:06:19 _Log4jLoggerFactory.java DEBUG [main] freemarker.cache 45 - TemplateLoader.findTemplateSource("Extent_en.ftl"): Not found
11-06-2021 11:06:19 _Log4jLoggerFactory.java DEBUG [main] freemarker.cache 45 - TemplateLoader.findTemplateSource("Extent.ftl"): Found
11-06-2021 11:06:19 _Log4jLoggerFactory.java DEBUG [main] freemarker.cache 45 - Loading template for "Extent.ftl"("en_IN", UTF-8, parsed) from "jar:file:/C:/Users/ASUS/.m2/repository/com/relevantcodes/extentreports/2.41.2/extentreports-2.41.2.jar!/com/relevantcodes/extentreports/view/Extent.ftl"
11-06-2021 11:06:26 ExtentLogUtilities.java DEBUG [main] StepDefination.StepDefination 14 - Hindi Book is clicked in page Home page
11-06-2021 11:06:29 ExtentLogUtilities.java DEBUG [main] StepDefination.StepDefination 14 - More Authors is clicked in page Home page
Burke Hedges
Cass R. Sunstein
Daniel Kahneman
Deepak Bajaj
Gaur Gopal Das
John C. Maxwell
Joseph Murphy
Kenneth H. Blanchard
Napoleon Hill
Olivier Sibony
Phil Knight
Sheryl Sandberg
Shiv Khera
Stephen R. Covey
Sudhir Dixit
Sudhir Dixit (Translator)
Spencer Johnson
English
English
11-06-2021 11:06:35 ExtentLogUtilities.java DEBUG [main] StepDefination.StepDefination 14 - English is clicked in page Hindi Books Page
KARMABHUMI
True
11-06-2021 11:06:47 ExtentLogUtilities.java DEBUG [main] StepDefination.StepDefination 14 - Book Name is clicked in page Hindi Books Page
11-06-2021 11:06:53 ExtentLogUtilities.java DEBUG [main] StepDefination.StepDefination 14 - Add To Cart is clicked in page Cart Page
11-06-2021 11:07:01 _Log4jLoggerFactory.java DEBUG [main] freemarker.cache 45 - Couldn't find template in cache for "Extent.ftl"("en_IN", UTF-8, parsed); will try to load it.
11-06-2021 11:07:01 _Log4jLoggerFactory.java DEBUG [main] freemarker.cache 45 - TemplateLoader.findTemplateSource("Extent_en_IN.ftl"): Not found
11-06-2021 11:07:01 _Log4jLoggerFactory.java DEBUG [main] freemarker.cache 45 - TemplateLoader.findTemplateSource("Extent_en.ftl"): Not found
11-06-2021 11:07:01 _Log4jLoggerFactory.java DEBUG [main] freemarker.cache 45 - TemplateLoader.findTemplateSource("Extent.ftl"): Found
11-06-2021 11:07:01 _Log4jLoggerFactory.java DEBUG [main] freemarker.cache 45 - Loading template for "Extent.ftl"("en_IN", UTF-8, parsed) from "jar:file:/C:/Users/ASUS/.m2/repository/com/relevantcodes/extentreports/2.41.2/extentreports-2.41.2.jar!/com/relevantcodes/extentreports/view/Extent.ftl"
11-06-2021 11:07:02 ExtentLogUtilities.java DEBUG [main] StepDefination.StepDefination 14 - books is clicked in page Combo books
42
NCERT BOOKS
Books Combo
11-06-2021 11:07:11 ExtentLogUtilities.java DEBUG [main] StepDefination.StepDefination 14 - Books Combo is clicked in page Home Page
Dan Brown
11-06-2021 11:07:16 ExtentLogUtilities.java DEBUG [main] StepDefination.StepDefination 14 - Author is clicked in page Books Combo page
English
11-06-2021 11:07:22 ExtentLogUtilities.java DEBUG [main] StepDefination.StepDefination 14 - Author is clicked in page Books Combo page
The Lost Symbol, Inferno & Origin (Set of 3 Dan Brown Combo Hardcover Edition)
11-06-2021 11:07:28 ExtentLogUtilities.java DEBUG [main] StepDefination.StepDefination 14 - The Lost Symbol, Inferno & Origin (Set of 3 Dan Brown Combo Hardcover Edition) is clicked in page Books Combo page
11-06-2021 11:07:36 _Log4jLoggerFactory.java DEBUG [main] freemarker.cache 45 - Couldn't find template in cache for "Extent.ftl"("en_IN", UTF-8, parsed); will try to load it.
11-06-2021 11:07:36 _Log4jLoggerFactory.java DEBUG [main] freemarker.cache 45 - TemplateLoader.findTemplateSource("Extent_en_IN.ftl"): Not found
11-06-2021 11:07:36 _Log4jLoggerFactory.java DEBUG [main] freemarker.cache 45 - TemplateLoader.findTemplateSource("Extent_en.ftl"): Not found
11-06-2021 11:07:36 _Log4jLoggerFactory.java DEBUG [main] freemarker.cache 45 - TemplateLoader.findTemplateSource("Extent.ftl"): Found
11-06-2021 11:07:36 _Log4jLoggerFactory.java DEBUG [main] freemarker.cache 45 - Loading template for "Extent.ftl"("en_IN", UTF-8, parsed) from "jar:file:/C:/Users/ASUS/.m2/repository/com/relevantcodes/extentreports/2.41.2/extentreports-2.41.2.jar!/com/relevantcodes/extentreports/view/Extent.ftl"
11-06-2021 11:07:36 ExtentLogUtilities.java DEBUG [main] StepDefination.StepDefination 14 - Search Box is send in page Home Page
11-06-2021 11:07:45 ExtentLogUtilities.java DEBUG [main] StepDefination.StepDefination 14 - Search Button is clicked in page Home Page
Wings of Fire: An Autobiography of Abdul Kalam (Paperback)
11-06-2021 11:08:11 ExtentLogUtilities.java DEBUG [main] StepDefination.StepDefination 14 - Wings of Fire is clicked in page Search Page
11-06-2021 11:08:17 ExtentLogUtilities.java DEBUG [main] StepDefination.StepDefination 14 - Add To Cart is clicked in page Cart Page
11-06-2021 11:08:24 _Log4jLoggerFactory.java DEBUG [main] freemarker.cache 45 - Couldn't find template in cache for "Extent.ftl"("en_IN", UTF-8, parsed); will try to load it.
11-06-2021 11:08:24 _Log4jLoggerFactory.java DEBUG [main] freemarker.cache 45 - TemplateLoader.findTemplateSource("Extent_en_IN.ftl"): Not found
11-06-2021 11:08:24 _Log4jLoggerFactory.java DEBUG [main] freemarker.cache 45 - TemplateLoader.findTemplateSource("Extent_en.ftl"): Not found
11-06-2021 11:08:24 _Log4jLoggerFactory.java DEBUG [main] freemarker.cache 45 - TemplateLoader.findTemplateSource("Extent.ftl"): Found
11-06-2021 11:08:24 _Log4jLoggerFactory.java DEBUG [main] freemarker.cache 45 - Loading template for "Extent.ftl"("en_IN", UTF-8, parsed) from "jar:file:/C:/Users/ASUS/.m2/repository/com/relevantcodes/extentreports/2.41.2/extentreports-2.41.2.jar!/com/relevantcodes/extentreports/view/Extent.ftl"
11-06-2021 11:08:29 ExtentLogUtilities.java DEBUG [main] StepDefination.StepDefination 14 - Mobile Cover is clicked in page Home Page
11-06-2021 11:08:36 ExtentLogUtilities.java DEBUG [main] StepDefination.StepDefination 14 - Apple is clicked in page Mobile Cover
1
11-06-2021 11:08:40 ExtentLogUtilities.java DEBUG [main] StepDefination.StepDefination 14 - iPhone 11 is clicked in page Model Page
11-06-2021 11:08:49 ExtentLogUtilities.java DEBUG [main] StepDefination.StepDefination 14 - Korean Love Sign iPhone 11 Back Cover is clicked in page Cover Page
11-06-2021 11:08:54 ExtentLogUtilities.java DEBUG [main] StepDefination.StepDefination 14 - Add To Cart is clicked in page Cart Page
11-06-2021 11:09:01 _Log4jLoggerFactory.java DEBUG [main] freemarker.cache 45 - Couldn't find template in cache for "Extent.ftl"("en_IN", UTF-8, parsed); will try to load it.
11-06-2021 11:09:01 _Log4jLoggerFactory.java DEBUG [main] freemarker.cache 45 - TemplateLoader.findTemplateSource("Extent_en_IN.ftl"): Not found
11-06-2021 11:09:01 _Log4jLoggerFactory.java DEBUG [main] freemarker.cache 45 - TemplateLoader.findTemplateSource("Extent_en.ftl"): Not found
11-06-2021 11:09:01 _Log4jLoggerFactory.java DEBUG [main] freemarker.cache 45 - TemplateLoader.findTemplateSource("Extent.ftl"): Found
11-06-2021 11:09:01 _Log4jLoggerFactory.java DEBUG [main] freemarker.cache 45 - Loading template for "Extent.ftl"("en_IN", UTF-8, parsed) from "jar:file:/C:/Users/ASUS/.m2/repository/com/relevantcodes/extentreports/2.41.2/extentreports-2.41.2.jar!/com/relevantcodes/extentreports/view/Extent.ftl"
]]></system-out>
    <system-err><![CDATA[log4j:WARN No such property [maxBackupIndex] in com.mindtree.utilities.Log.
log4j:WARN No such property [maxFileSize] in com.mindtree.utilities.Log.
Starting ChromeDriver 94.0.4606.41 (333e85df3c9b656b518b5f1add5ff246365b6c24-refs/branch-heads/4606@{#845}) on port 13717
Only local connections are allowed.
Please see https://chromedriver.chromium.org/security-considerations for suggestions on keeping ChromeDriver safe.
ChromeDriver was started successfully.
[1636176960.245][WARNING]: This version of ChromeDriver has not been tested with Chrome version 95.
Nov 06, 2021 11:06:01 AM org.openqa.selenium.remote.ProtocolHandshake createSession
INFO: Detected dialect: W3C
]]></system-err>
  </testcase>
</testsuite>